<?xml version="1.0" encoding="UTF-8"?>
<!-- Generated by org.testng.reporters.JUnitXMLReporter -->
<testsuite hostname="OHLE6330D8HV7X1" name="Test" tests="17" failures="3" timestamp="27 Jun 2017 11:06:54 GMT" time="3467.329" errors="0">
  <testcase name="alertLargeBusiness" time="110.537" classname="com.oakton.hwi.Testsuite.TestLargeBusinessAlert"/>
  <testcase name="CreateServiceProviderTest" time="218.249" classname="com.oakton.hwi.Testsuite.TestCreateServicePage"/>
  <testcase name="createGovAgency" time="39.567" classname="com.oakton.hwi.Testsuite.TestCreateGovPage"/>
  <testcase name="spNotMatchAlert" time="119.411" classname="com.oakton.hwi.Testsuite.TestAutoAllocateSPNotMatchAlertPage">
    <failure type="java.lang.AssertionError" message="expected [false] but found [true]">
      <![CDATA[java.lang.AssertionError: expected [false] but found [true]
	at com.oakton.hwi.Testsuite.TestAutoAllocateSPNotMatchAlertPage.spNotMatchAlert(TestAutoAllocateSPNotMatchAlertPage.java:201)
	at com.oakton.hwi.Main.HWIMainMethod.main(HWIMainMethod.java:33)
... Removed 26 stack frames]]>
    </failure>
  </testcase> <!-- spNotMatchAlert -->
  <testcase name="registerBusinessSPReject" time="215.394" classname="com.oakton.hwi.Testsuite.TestBusinessSPManualAllocationReject"/>
  <testcase name="updateServiceAddress" time="171.398" classname="com.oakton.hwi.Testsuite.TestUpdateServicePage"/>
  <testcase name="registerBusiness" time="79.784" classname="com.oakton.hwi.Testsuite.TestActivateBusinessPage"/>
  <testcase name="registerBusinessManual" time="48.308" classname="com.oakton.hwi.Testsuite.TestActivateBusinessPageManual">
    <failure type="java.lang.AssertionError" message="expected [false] but found [true]">
      <![CDATA[java.lang.AssertionError: expected [false] but found [true]
	at com.oakton.hwi.Testsuite.TestActivateBusinessPageManual.registerBusinessManual(TestActivateBusinessPageManual.java:190)
	at com.oakton.hwi.Main.HWIMainMethod.main(HWIMainMethod.java:33)
... Removed 26 stack frames]]>
    </failure>
  </testcase> <!-- registerBusinessManual -->
  <testcase name="createHealthProgramTest" time="108.808" classname="com.oakton.hwi.Testsuite.TestHealthProgramBusinessPage"/>
  <testcase name="spHealthOnline" time="49.776" classname="com.oakton.hwi.Testsuite.TestSPOnlineHealthCheck"/>
  <testcase name="createGovAgencyAndPopulate" time="31.711" classname="com.oakton.hwi.Testsuite.TestPopulateGovDetailsPage"/>
  <testcase name="businessUserCreation" time="28.725" classname="com.oakton.hwi.Testsuite.TestCreateBusinessPage"/>
  <testcase name="autoAllocationSPApproves" time="427.656" classname="com.oakton.hwi.Testsuite.TestAutoAllocationSPApproves"/>
  <testcase name="registerBusinessSPApprove" time="175.586" classname="com.oakton.hwi.Testsuite.TestBusinessSPManualAllocationApprove"/>
  <testcase name="healthCheckOnline" time="118.75" classname="com.oakton.hwi.Testsuite.TestBusinessHealthCheckOnlinePage"/>
  <testcase name="failToRespondAlert" time="1029.164" classname="com.oakton.hwi.Testsuite.TestManualSPFailedtoResponseAlertPage">
    <failure type="org.openqa.selenium.WebDriverException" message="chrome not reachable
  (Session info: chrome=58.0.3029.110)
  (Driver info: chromedriver=2.29.461591 (62ebf098771772160f391d75e589dc567915b233),platform=Windows NT 10.0.10240 x86_64) (WARNING: The server did not provide any stacktrace information)
Command duration or timeout: 4.02 seconds
Build info: version: &amp;apos;unknown&amp;apos;, revision: &amp;apos;1969d75&amp;apos;, time: &amp;apos;2016-10-18 09:43:45 -0700&amp;apos;
System info: host: &amp;apos;OHLE6330D8HV7X1&amp;apos;, ip: &amp;apos;10.209.255.234&amp;apos;, os.name: &amp;apos;Windows 10&amp;apos;, os.arch: &amp;apos;amd64&amp;apos;, os.version: &amp;apos;10.0&amp;apos;, java.version: &amp;apos;1.8.0_92&amp;apos;
Driver info: org.openqa.selenium.chrome.ChromeDriver
Capabilities [{applicationCacheEnabled=false, rotatable=false, mobileEmulationEnabled=false, networkConnectionEnabled=false, chrome={chromedriverVersion=2.29.461591 (62ebf098771772160f391d75e589dc567915b233), userDataDir=C:\Users\SRIKAN~1.PAN\AppData\Local\Temp\scoped_dir17332_32149}, takesHeapSnapshot=true, pageLoadStrategy=normal, databaseEnabled=false, handlesAlerts=true, hasTouchScreen=false, version=58.0.3029.110, platform=XP, browserConnectionEnabled=false, nativeEvents=true, acceptSslCerts=true, locationContextEnabled=true, webStorageEnabled=true, browserName=chrome, takesScreenshot=true, javascriptEnabled=true, cssSelectorsEnabled=true, unexpectedAlertBehaviour=}]
Session ID: c5978a97a07b140ae881e6cf9f0666f6">
      <![CDATA[org.openqa.selenium.WebDriverException: chrome not reachable
  (Session info: chrome=58.0.3029.110)
  (Driver info: chromedriver=2.29.461591 (62ebf098771772160f391d75e589dc567915b233),platform=Windows NT 10.0.10240 x86_64) (WARNING: The server did not provide any stacktrace information)
Command duration or timeout: 4.02 seconds
Build info: version: 'unknown', revision: '1969d75', time: '2016-10-18 09:43:45 -0700'
System info: host: 'OHLE6330D8HV7X1', ip: '10.209.255.234', os.name: 'Windows 10', os.arch: 'amd64', os.version: '10.0', java.version: '1.8.0_92'
Driver info: org.openqa.selenium.chrome.ChromeDriver
Capabilities [{applicationCacheEnabled=false, rotatable=false, mobileEmulationEnabled=false, networkConnectionEnabled=false, chrome={chromedriverVersion=2.29.461591 (62ebf098771772160f391d75e589dc567915b233), userDataDir=C:\Users\SRIKAN~1.PAN\AppData\Local\Temp\scoped_dir17332_32149}, takesHeapSnapshot=true, pageLoadStrategy=normal, databaseEnabled=false, handlesAlerts=true, hasTouchScreen=false, version=58.0.3029.110, platform=XP, browserConnectionEnabled=false, nativeEvents=true, acceptSslCerts=true, locationContextEnabled=true, webStorageEnabled=true, browserName=chrome, takesScreenshot=true, javascriptEnabled=true, cssSelectorsEnabled=true, unexpectedAlertBehaviour=}]
Session ID: c5978a97a07b140ae881e6cf9f0666f6
	at org.openqa.selenium.remote.ErrorHandler.createThrowable(ErrorHandler.java:216)
	at org.openqa.selenium.remote.ErrorHandler.throwIfResponseFailed(ErrorHandler.java:168)
	at org.openqa.selenium.remote.RemoteWebDriver.execute(RemoteWebDriver.java:635)
	at org.openqa.selenium.remote.RemoteWebDriver.execute(RemoteWebDriver.java:658)
	at org.openqa.selenium.remote.RemoteWebDriver.getScreenshotAs(RemoteWebDriver.java:340)
	at com.oakton.hwi.Utility.CaptureScreenshot.getFailuerScreenShot(CaptureScreenshot.java:42)
	at com.oakton.hwi.Testsuite.TestManualSPFailedtoResponseAlertPage.failToRespondAlert(TestManualSPFailedtoResponseAlertPage.java:211)
	at com.oakton.hwi.Main.HWIMainMethod.main(HWIMainMethod.java:33)
... Removed 25 stack frames]]>
    </failure>
  </testcase> <!-- failToRespondAlert -->
  <testcase name="spHealthOffline" time="45.173" classname="com.oakton.hwi.Testsuite.TestSPOfflineHealthCheckPage"/>
</testsuite> <!-- Test -->
